56962248420:ENCOLADO ans_981f483d-f779-47e0-a54d-87c856ad6955
EJECUTANDO:ans_981f483d-f779-47e0-a54d-87c856ad6955
56962248420:SUCCESS
56962248420:ENCOLADO ans_2a849b66-5e46-41f8-9e09-1cd98d69fa0f
EJECUTANDO:ans_2a849b66-5e46-41f8-9e09-1cd98d69fa0f
56962248420:SUCCESS
56962248420:ENCOLADO ans_befc5d2b-07e7-4854-baa0-8f87eee68fc9
EJECUTANDO:ans_befc5d2b-07e7-4854-baa0-8f87eee68fc9
56962248420:SUCCESS
56962248420:ENCOLADO ans_cb2adefd-fb5e-4324-b11e-6e910d9c2425
EJECUTANDO:ans_cb2adefd-fb5e-4324-b11e-6e910d9c2425
56962248420:SUCCESS
56962248420:ENCOLADO ans_69b4005e-0789-4966-98cc-08361d275f42
EJECUTANDO:ans_69b4005e-0789-4966-98cc-08361d275f42
56962248420:SUCCESS
56962248420:ENCOLADO ans_7d466959-e398-4bc6-bfbf-444efb43b81b
EJECUTANDO:ans_7d466959-e398-4bc6-bfbf-444efb43b81b
56962248420:SUCCESS
56962248420:ENCOLADO ans_aa0ddbce-eccf-48fc-a573-41f91339e013
EJECUTANDO:ans_aa0ddbce-eccf-48fc-a573-41f91339e013
56962248420:SUCCESS
56962248420:ENCOLADO ans_9e933763-8142-4aa7-b6f8-a66e6e09e35f
EJECUTANDO:ans_9e933763-8142-4aa7-b6f8-a66e6e09e35f
56962248420:SUCCESS
